0 info it worked if it ends with ok
1 verbose cli [ 'node', '/usr/local/bin/npm', 'install', '-g' ]
2 info using npm@1.4.28
3 info using node@v0.10.33
4 verbose cache add [ '.', null ]
5 verbose cache add name=undefined spec="." args=[".",null]
6 verbose parsed url { protocol: null,
6 verbose parsed url   slashes: null,
6 verbose parsed url   auth: null,
6 verbose parsed url   host: null,
6 verbose parsed url   port: null,
6 verbose parsed url   hostname: null,
6 verbose parsed url   hash: null,
6 verbose parsed url   search: null,
6 verbose parsed url   query: null,
6 verbose parsed url   pathname: '.',
6 verbose parsed url   path: '.',
6 verbose parsed url   href: '.' }
7 silly lockFile 3a52ce78- .
8 verbose lock . /Users/JoshuaRichardson/.npm/3a52ce78-.lock
9 verbose tar pack [ '/Users/JoshuaRichardson/.npm/hipsterchat/0.1.0/package.tgz',
9 verbose tar pack   '.' ]
10 verbose tarball /Users/JoshuaRichardson/.npm/hipsterchat/0.1.0/package.tgz
11 verbose folder .
12 info prepublish hipsterchat@0.1.0
13 silly lockFile 1f1177db-tar tar://.
14 verbose lock tar://. /Users/JoshuaRichardson/.npm/1f1177db-tar.lock
15 silly lockFile 0de65c4d-pm-hipsterchat-0-1-0-package-tgz tar:///Users/JoshuaRichardson/.npm/hipsterchat/0.1.0/package.tgz
16 verbose lock tar:///Users/JoshuaRichardson/.npm/hipsterchat/0.1.0/package.tgz /Users/JoshuaRichardson/.npm/0de65c4d-pm-hipsterchat-0-1-0-package-tgz.lock
17 silly lockFile 1f1177db-tar tar://.
18 silly lockFile 1f1177db-tar tar://.
19 silly lockFile 0de65c4d-pm-hipsterchat-0-1-0-package-tgz tar:///Users/JoshuaRichardson/.npm/hipsterchat/0.1.0/package.tgz
20 silly lockFile 0de65c4d-pm-hipsterchat-0-1-0-package-tgz tar:///Users/JoshuaRichardson/.npm/hipsterchat/0.1.0/package.tgz
21 silly lockFile 10a0baea-on-npm-hipsterchat-0-1-0-package /Users/JoshuaRichardson/.npm/hipsterchat/0.1.0/package
22 verbose lock /Users/JoshuaRichardson/.npm/hipsterchat/0.1.0/package /Users/JoshuaRichardson/.npm/10a0baea-on-npm-hipsterchat-0-1-0-package.lock
23 silly lockFile 10a0baea-on-npm-hipsterchat-0-1-0-package /Users/JoshuaRichardson/.npm/hipsterchat/0.1.0/package
24 silly lockFile 10a0baea-on-npm-hipsterchat-0-1-0-package /Users/JoshuaRichardson/.npm/hipsterchat/0.1.0/package
25 silly lockFile 3a52ce78- .
26 silly lockFile 3a52ce78- .
27 silly resolved [ { name: 'hipsterchat',
27 silly resolved     version: '0.1.0',
27 silly resolved     description: 'Before it was cool',
27 silly resolved     main: 'gulpfile.js',
27 silly resolved     dependencies:
27 silly resolved      { 'event-stream': '^3.1.7',
27 silly resolved        express: '^4.10.4',
27 silly resolved        gulp: '^3.8.10',
27 silly resolved        'gulp-autoprefixer': '^2.0.0',
27 silly resolved        'gulp-minify-css': '^0.3.11',
27 silly resolved        'gulp-rename': '^1.2.0',
27 silly resolved        'gulp-ruby-sass': '^0.7.1' },
27 silly resolved     devDependencies:
27 silly resolved      { 'connect-livereload': '^0.5.2',
27 silly resolved        'gulp-inject': '^1.0.2',
27 silly resolved        'main-bower-files': '^2.4.1',
27 silly resolved        'tiny-lr': '^0.1.4' },
27 silly resolved     scripts: { test: 'echo "Error: no test specified" && exit 1' },
27 silly resolved     author: '',
27 silly resolved     license: 'ISC',
27 silly resolved     gitHead: 'cb9ab2b5cb08513d56e91d4a3f6868d0526d76c1',
27 silly resolved     readme: 'ERROR: No README data found!',
27 silly resolved     _id: 'hipsterchat@0.1.0',
27 silly resolved     _shasum: 'edf98a7a8974f4aa35594ed8554714fcb022251b',
27 silly resolved     _from: '.' } ]
28 info install hipsterchat@0.1.0 into /usr/local/lib
29 info installOne hipsterchat@0.1.0
30 verbose lib/node_modules/hipsterchat unbuild
31 verbose tar unpack /Users/JoshuaRichardson/.npm/hipsterchat/0.1.0/package.tgz
32 silly lockFile fcf49f91-cal-lib-node-modules-hipsterchat tar:///usr/local/lib/node_modules/hipsterchat
33 verbose lock tar:///usr/local/lib/node_modules/hipsterchat /Users/JoshuaRichardson/.npm/fcf49f91-cal-lib-node-modules-hipsterchat.lock
34 silly lockFile 0de65c4d-pm-hipsterchat-0-1-0-package-tgz tar:///Users/JoshuaRichardson/.npm/hipsterchat/0.1.0/package.tgz
35 verbose lock tar:///Users/JoshuaRichardson/.npm/hipsterchat/0.1.0/package.tgz /Users/JoshuaRichardson/.npm/0de65c4d-pm-hipsterchat-0-1-0-package-tgz.lock
36 silly gunzTarPerm modes [ '755', '644' ]
37 error Error: EACCES, mkdir '/usr/local/lib/node_modules/hipsterchat'
37 error  { [Error: EACCES, mkdir '/usr/local/lib/node_modules/hipsterchat']
37 error   errno: 3,
37 error   code: 'EACCES',
37 error   path: '/usr/local/lib/node_modules/hipsterchat',
37 error   fstream_type: 'Directory',
37 error   fstream_path: '/usr/local/lib/node_modules/hipsterchat',
37 error   fstream_class: 'DirWriter',
37 error   fstream_stack:
37 error    [ '/usr/local/lib/node_modules/npm/node_modules/fstream/lib/dir-writer.js:36:23',
37 error      '/usr/local/lib/node_modules/npm/node_modules/mkdirp/index.js:46:53',
37 error      'Object.oncomplete (fs.js:107:15)' ] }
38 error Please try running this command again as root/Administrator.
39 error System Darwin 14.0.0
40 error command "node" "/usr/local/bin/npm" "install" "-g"
41 error cwd /Users/JoshuaRichardson/Desktop/hipp
42 error node -v v0.10.33
43 error npm -v 1.4.28
44 error path /usr/local/lib/node_modules/hipsterchat
45 error fstream_path /usr/local/lib/node_modules/hipsterchat
46 error fstream_type Directory
47 error fstream_class DirWriter
48 error code EACCES
49 error errno 3
50 error stack Error: EACCES, mkdir '/usr/local/lib/node_modules/hipsterchat'
51 error fstream_stack /usr/local/lib/node_modules/npm/node_modules/fstream/lib/dir-writer.js:36:23
51 error fstream_stack /usr/local/lib/node_modules/npm/node_modules/mkdirp/index.js:46:53
51 error fstream_stack Object.oncomplete (fs.js:107:15)
52 verbose exit [ 3, true ]
